[COT 2022-5M-15 20:8m:46] 76561199055119791: Entered the Free Camera
[COT 2022-5M-15 20:12:4s] 76561199055119791: Left the Free Camera
[COT 2022-5M-15 20:13:57] 76561199055119791: Entered the Free Camera
[COT 2022-5M-15 20:14:31] 76561199055119791: Left the Free Camera
[COT 2022-5M-15 20:14:48] 76561199055119791: Teleported [guid=OrSsyqkr6kypCp_Xr5txVofb_hDf5XnmKnhnTeyL4f4=] to <10086.937500, 15.384769, 12582.390625>
[COT 2022-5M-15 20:16:42] 76561199055119791: Entered the Free Camera
[COT 2022-5M-15 20:17:45] 76561199055119791: Left the Free Camera
[COT 2022-5M-15 20:18:53] 76561199055119791: Entered the Free Camera
[COT 2022-5M-15 20:21:18] 76561199055119791: Left the Free Camera
[COT 2022-5M-15 20:23:38] 76561199055119791: Entered the Free Camera
[COT 2022-5M-15 20:25:2s] 76561199055119791: Left the Free Camera
[COT 2022-5M-15 20:25:8s] 76561199055119791: Entered the Free Camera
[COT 2022-5M-15 20:26:34] 76561199055119791: Left the Free Camera
[COT 2022-5M-15 20:29:17] 76561199055119791: Entered the Free Camera
[COT 2022-5M-15 20:31:50] 76561199055119791: Left the Free Camera
[COT 2022-5M-15 20:32:59] 76561199055119791: Set rain to 0 0 0
[COT 2022-5M-15 20:32:59] 76561199055119791: Set storm to 0 0.8 4000
[COT 2022-5M-15 20:32:59] 76561199055119791: Set fog to 0.0154889 0 0
[COT 2022-5M-15 20:32:59] 76561199055119791: Set overcast to 0.615766 0 0
[COT 2022-5M-15 20:32:59] 76561199055119791: Set the date to 2022/9/20 8:52
[COT 2022-5M-15 20:32:59] 76561199055119791: Set wind to 2.37576 2.37576 1
[COT 2022-5M-15 20:33:1s] 76561199055119791: Entered the Free Camera
[COT 2022-5M-15 20:33:54] 76561199055119791: Left the Free Camera
[COT 2022-5M-15 20:35:11] 76561199055119791: Entered the Free Camera
[COT 2022-5M-15 20:35:49] 76561199055119791: Left the Free Camera
[COT 2022-5M-15 20:36:53] 76561199055119791: Entered the Free Camera
[COT 2022-5M-15 20:37:32] 76561199055119791: Left the Free Camera
[COT 2022-5M-15 20:39:6s] 76561199055119791: Entered the Free Camera
[COT 2022-5M-15 20:39:50] 76561199055119791: Left the Free Camera
