[COT 2022-6M-3D 0h:57:17] 76561199055119791: Set rain to 0 0 0
[COT 2022-6M-3D 0h:57:17] 76561199055119791: Set storm to 0 0.8 4000
[COT 2022-6M-3D 0h:57:17] 76561199055119791: Set fog to 0.0295607 0 0
[COT 2022-6M-3D 0h:57:17] 76561199055119791: Set overcast to 0.0400686 0 0
[COT 2022-6M-3D 0h:57:17] 76561199055119791: Set the date to 2022/9/21 8:52
[COT 2022-6M-3D 0h:57:17] 76561199055119791: Set wind to 19.5763 19.5763 1
[COT 2022-6M-3D 0h:57:45] 76561199055119791: Teleported to position <10809.242188, 2.586777, 8925.467773>
[COT 2022-6M-3D 0h:58:50] 76561199055119791: Entered the Free Camera
[COT 2022-6M-3D 1h:2m:4s] 76561199055119791: Left the Free Camera
[COT 2022-6M-3D 1h:2m:48] 76561199055119791: Entered the Free Camera
[COT 2022-6M-3D 1h:4m:10] 76561199055119791: Left the Free Camera
[COT 2022-6M-3D 1h:11:10] 76561199055119791: Teleported to position <10149.429688, 36.009998, 6280.871582>
[COT 2022-6M-3D 1h:16:42] 76561199055119791: Teleported to position <8215.534180, 212.277634, 8462.237305>
[COT 2022-6M-3D 1h:39:43] 76561199055119791: Teleported to position <10319.258789, 4.878841, 14393.984375>
[COT 2022-6M-3D 2h:18:48] 76561199055119791: Entered the Free Camera
[COT 2022-6M-3D 2h:18:51] 76561199055119791: Left the Free Camera
[COT 2022-6M-3D 2h:20:18] 76561199055119791: Spawned Entity Hunting Scope (HuntingOptic<c0f56160>, -1, 50) at <8832.754883, 29.051985, 11317.542969>
[COT 2022-6M-3D 2h:20:29] 76561199055119791: Spawned Entity Boxed .308 WIN Rounds (AmmoBox_308Win_20Rnd<41a69240>, -1, 100) at <8832.754883, 29.051985, 11317.542969>
[COT 2022-6M-3D 2h:20:29] 76561199055119791: Spawned Entity Boxed .308 WIN Rounds (AmmoBox_308Win_20Rnd<41a712b0>, -1, 100) at <8832.754883, 29.051985, 11317.542969>
[COT 2022-6M-3D 2h:20:29] 76561199055119791: Spawned Entity Boxed .308 WIN Rounds (AmmoBox_308Win_20Rnd<41a770e0>, -1, 100) at <8832.754883, 29.051985, 11317.542969>
[COT 2022-6M-3D 2h:20:29] 76561199055119791: Spawned Entity Boxed .308 WIN Rounds (AmmoBox_308Win_20Rnd<41a77970>, -1, 100) at <8832.754883, 29.051985, 11317.542969>
[COT 2022-6M-3D 2h:20:30] 76561199055119791: Spawned Entity Boxed .308 WIN Rounds (AmmoBox_308Win_20Rnd<41a723d0>, -1, 100) at <8832.754883, 29.051985, 11317.542969>
[COT 2022-6M-3D 2h:20:30] 76561199055119791: Spawned Entity Boxed .308 WIN Rounds (AmmoBox_308Win_20Rnd<41a871c0>, -1, 100) at <8832.754883, 29.051985, 11317.542969>
[COT 2022-6M-3D 2h:20:30] 76561199055119791: Spawned Entity Boxed .308 WIN Rounds (AmmoBox_308Win_20Rnd<4645f450>, -1, 100) at <8832.754883, 29.051985, 11317.542969>
