[COT 2022-5M-16 4h:7m:32] 76561199055119791: Entered the Free Camera
[COT 2022-5M-16 4h:7m:38] 76561199055119791: Left the Free Camera
[COT 2022-5M-16 4h:7m:41] 76561199055119791: Entered the Free Camera
[COT 2022-5M-16 4h:9m:13] 76561199055119791: Entered the Free Camera
[COT 2022-5M-16 4h:10:2s] 76561199055119791: Left the Free Camera
[COT 2022-5M-16 4h:14:40] 76561199055119791: Entered the Free Camera
[COT 2022-5M-16 4h:15:38] 76561199055119791: Teleported to position <10656.763672, 9.670905, 12049.601563>
[COT 2022-5M-16 4h:15:39] 76561199055119791: Teleported to position <10657.923828, 9.608411, 12049.695313>
[COT 2022-5M-16 4h:15:40] 76561199055119791: Teleported to position <10657.923828, 9.608411, 12049.695313>
[COT 2022-5M-16 4h:15:47] 76561199055119791: Left the Free Camera
[COT 2022-5M-16 4h:18:48] 76561199055119791: Teleported to position <9544.241211, 2.832317, 9602.588867>
[COT 2022-5M-16 4h:21:33] 76561199055119791: Teleported to position <7999.201660, 20.106184, 9531.059570>
[COT 2022-5M-16 4h:34:5s] 76561199055119791: Spawned Entity Firewood (Firewood<34699b50>, 1, 500) at <7982.126953, 21.234348, 9492.528320>
[COT 2022-5M-16 4h:34:5s] 76561199055119791: Spawned Entity Firewood (Firewood<346a57b0>, 1, 500) at <7982.126953, 21.234348, 9492.528320>
[COT 2022-5M-16 4h:34:6s] 76561199055119791: Spawned Entity Firewood (Firewood<346a2ce0>, 1, 500) at <7982.126953, 21.234348, 9492.528320>
[COT 2022-5M-16 4h:34:6s] 76561199055119791: Spawned Entity Firewood (Firewood<346acf90>, 1, 500) at <7982.126953, 21.234348, 9492.528320>
[COT 2022-5M-16 4h:34:6s] 76561199055119791: Spawned Entity Firewood (Firewood<346ae0b0>, 1, 500) at <7982.126953, 21.234348, 9492.528320>
[COT 2022-5M-16 4h:34:7s] 76561199055119791: Spawned Entity Firewood (Firewood<346a7160>, 1, 500) at <7982.126953, 21.234348, 9492.528320>
[COT 2022-5M-16 4h:34:16] 76561199055119791: Spawned Entity Paper (Paper<346b2530>, -1, 15) at <7982.126953, 21.234348, 9492.528320>
[COT 2022-5M-16 4h:54:35] 76561199055119791: Entered the Free Camera
[COT 2022-5M-16 4h:55:47] 76561199055119791: Left the Free Camera
[COT 2022-5M-16 5h:50:15] 76561199055119791: Spawned Entity Firewood (Firewood<38ca4060>, 1, 500) at <6563.435547, 8.365644, 7152.122070>
[COT 2022-5M-16 5h:50:15] 76561199055119791: Spawned Entity Firewood (Firewood<38ca62a0>, 1, 500) at <6563.435547, 8.365644, 7152.122070>
[COT 2022-5M-16 5h:50:16] 76561199055119791: Spawned Entity Firewood (Firewood<38ca84e0>, 1, 500) at <6563.435547, 8.365644, 7152.122070>
