[COT 2022-6M-4D 2h:9m:53] 76561199055119791: Spawned Entity Gun Cleaning Kit (WeaponCleaningKit<3989f280>, 100, 100) at <9048.506836, 16.483551, 9436.833008>
[COT 2022-6M-4D 2h:28:31] 76561199055119791: Set rain to 0 0 0
[COT 2022-6M-4D 2h:28:31] 76561199055119791: Set storm to 0 0.8 4000
[COT 2022-6M-4D 2h:28:31] 76561199055119791: Set fog to 0.0496147 0 0
[COT 2022-6M-4D 2h:28:31] 76561199055119791: Set overcast to 0.429817 0 0
[COT 2022-6M-4D 2h:28:31] 76561199055119791: Set the date to 2022/9/20 7:54
[COT 2022-6M-4D 2h:28:31] 76561199055119791: Set wind to 2.80544 2.80544 1
[COT 2022-6M-4D 2h:28:34] 76561199055119791: Entered the Free Camera
[COT 2022-6M-4D 2h:31:45] 76561199055119791: Left the Free Camera
[COT 2022-6M-4D 2h:31:48] 76561199055119791: Entered the Free Camera
[COT 2022-6M-4D 2h:32:40] 76561199055119791: Entered the Free Camera
[COT 2022-6M-4D 2h:32:54] 76561199055119791: Left the Free Camera
[COT 2022-6M-4D 2h:32:55] 76561199055119791: Entered the Free Camera
[COT 2022-6M-4D 2h:33:33] 76561199055119791: Left the Free Camera
[COT 2022-6M-4D 2h:35:51] 76561199055119791: Entered the Free Camera
[COT 2022-6M-4D 2h:36:4s] 76561199055119791: Left the Free Camera
[COT 2022-6M-4D 2h:37:42] 76561199055119791: Entered the Free Camera
[COT 2022-6M-4D 2h:38:24] 76561199055119791: Left the Free Camera
[COT 2022-6M-4D 2h:38:41] 76561199055119791: Entered the Free Camera
[COT 2022-6M-4D 2h:38:49] 76561199055119791: Left the Free Camera
[COT 2022-6M-4D 2h:38:51] 76561199055119791: Entered the Free Camera
[COT 2022-6M-4D 2h:38:56] 76561199055119791: Left the Free Camera
[COT 2022-6M-4D 2h:39:34] 76561199055119791: Entered the Free Camera
[COT 2022-6M-4D 2h:39:39] 76561199055119791: Left the Free Camera
[COT 2022-6M-4D 2h:43:39] 76561199055119791: Entered the Free Camera
[COT 2022-6M-4D 2h:43:42] 76561199055119791: Left the Free Camera
[COT 2022-6M-4D 2h:46:17] 76561199055119791: Entered the Free Camera
[COT 2022-6M-4D 2h:50:28] 76561199055119791: Left the Free Camera
[COT 2022-6M-4D 2h:52:9s] 76561199055119791: Teleported to position <10291.125000, 15.403807, 12541.229492>
[COT 2022-6M-4D 2h:52:33] 76561199055119791: Teleported to position <10629.574219, 9.637183, 12049.721680>
