[COT 2022-5M-15 23:6m:10] 76561199055119791: Entered the Free Camera
[COT 2022-5M-15 23:7m:14] 76561199055119791: Left the Free Camera
[COT 2022-5M-15 23:8m:33] 76561199055119791: Set rain to 0 0 0
[COT 2022-5M-15 23:8m:33] 76561199055119791: Set storm to 0 0.8 4000
[COT 2022-5M-15 23:8m:33] 76561199055119791: Set fog to 0.0341681 0 0
[COT 2022-5M-15 23:8m:33] 76561199055119791: Set overcast to 0.21445 0 0
[COT 2022-5M-15 23:8m:33] 76561199055119791: Set the date to 2022/9/20 8:38
[COT 2022-5M-15 23:8m:33] 76561199055119791: Set wind to 10.9725 10.9725 1
[COT 2022-5M-16 0h:20:33] 76561199055119791: Entered the Free Camera
[COT 2022-5M-16 0h:21:19] 76561199055119791: Left the Free Camera
[COT 2022-5M-16 0h:21:23] 76561199055119791: Left the Free Camera
[COT 2022-5M-16 0h:23:8s] 76561199055119791: Spawned Entity Barrel (Barrel_Green<391cf090>, 0, 1300) at <10676.704102, 9.450835, 12074.916016>
[COT 2022-5M-16 0h:26:20] 76561199055119791: Entered the Free Camera
[COT 2022-5M-16 0h:27:43] 76561199055119791: Left the Free Camera
[COT 2022-5M-16 2h:36:8s] 76561199055119791: Entered the Free Camera
[COT 2022-5M-16 2h:36:40] 76561199055119791: Left the Free Camera
[COT 2022-5M-16 2h:40:35] 76561199055119791: Entered the Free Camera
[COT 2022-5M-16 2h:42:7s] 76561199055119791: Left the Free Camera
[COT 2022-5M-16 2h:44:27] 76561199055119791: Entered the Free Camera
[COT 2022-5M-16 2h:44:42] 76561199055119791: Left the Free Camera
[COT 2022-5M-16 2h:44:43] 76561199055119791: Entered the Free Camera
[COT 2022-5M-16 2h:44:49] 76561199055119791: Left the Free Camera
[COT 2022-5M-16 2h:55:52] 76561199055119791: Spawned Entity Barrel (Barrel_Blue<cf2d03f0>, 0, 1300) at <9556.945313, 6.071505, 9588.793945>
[COT 2022-5M-16 3h:3m:29] 76561199055119791: Set Broken Legs To false [guid=OrSsyqkr6kypCp_Xr5txVofb_hDf5XnmKnhnTeyL4f4=]
