---------------------------------------------
Log C:\Program Files (x86)\Steam\steamapps\common\DayZServer\ configNamalskEvent\script_2022-09-19_23-59-24.log started at 19.09. 23:59:24

SCRIPT       : Registered 320 temporary action enum(s), UAN==320
SCRIPT       : ... Backlit Effects Enabled
SCRIPT       : DZM_Projects Map! by DaOne
SCRIPT    (E): @"scripts/4_World/entities\firearms\weapon_base.c,581": Variable 'weaponType' is private
SCRIPT    (W): @"PVEZ/4_World/entities\manbase\playerbase.c,182": No need to use 'Cast' for up-casting
SCRIPT       : [dzr_disinfect_by_boiling] ::: Starting Serverside
SCRIPT       : PVEZ :: Will use config files in  configNamalskEvent
SCRIPT       : [Namalsk][NamEventManager]: Next selection will occur in 781 seconds
SCRIPT       : [Namalsk][NamEventManager]: NamEventManager is now running
SCRIPT       : AnimSoundObjectBuilderBank: Invalid sound set "Gasmask_gaspingForAirEmpty_SoundVoice_Char_SoundSet".
SCRIPT       : AnimSoundObjectBuilderBank: Invalid sound set "gaspingForAir5perIdle_SoundVoice_Char_SoundSet".
SCRIPT       : AnimSoundObjectBuilderBank: Invalid sound set "greathelmet_gaspingForAir5perIdle_SoundVoice_Char_SoundSet".
SCRIPT       : AnimSoundObjectBuilderBank: Invalid sound set "Gasmask_gaspingForAir5perIdle_SoundVoice_Char_SoundSet".
SCRIPT       : AnimSoundObjectBuilderBank: Invalid sound set "Motohelmet_gaspingForAir5perIdle_SoundVoice_Char_SoundSet".
SCRIPT       : AnimSoundObjectBuilderBank: Invalid sound set "Gag_gaspingForAir5perIdle_SoundVoice_Char_SoundSet".
SCRIPT       : AnimSoundObjectBuilderBank: Invalid sound set "gaspingForAir10perIdle_SoundVoice_Char_SoundSet".
SCRIPT       : AnimSoundObjectBuilderBank: Invalid sound set "greathelmet_gaspingForAir10perIdle_SoundVoice_Char_SoundSet".
SCRIPT       : AnimSoundObjectBuilderBank: Invalid sound set "Gasmask_gaspingForAir10perIdle_SoundVoice_Char_SoundSet".
SCRIPT       : AnimSoundObjectBuilderBank: Invalid sound set "Motohelmet_gaspingForAir10perIdle_SoundVoice_Char_SoundSet".
SCRIPT       : AnimSoundObjectBuilderBank: Invalid sound set "Gag_gaspingForAir10perIdle_SoundVoice_Char_SoundSet".
SCRIPT       : AnimSoundObjectBuilderBank: Invalid sound set "generalgrunt_SoundVoice_Char_SoundSet".
SCRIPT       : AnimSoundObjectBuilderBank: Invalid sound set "greathelmet_generalgrunt_SoundVoice_Char_SoundSet".
SCRIPT       : AnimSoundObjectBuilderBank: Invalid sound set "Gasmask_generalgrunt_SoundVoice_Char_SoundSet".
SCRIPT       : AnimSoundObjectBuilderBank: Invalid sound set "Motohelmet_generalgrunt_SoundVoice_Char_SoundSet".
SCRIPT       : AnimSoundObjectBuilderBank: Invalid sound set "Gag_generalgrunt_SoundVoice_Char_SoundSet".
SCRIPT       : ---- PlayerBase OnStoreLoad SUCCESS ----
SCRIPT       : [Namalsk][NamEventManager]: Trying to select a new event...
SCRIPT       : [Namalsk][NamEventManager]: Starting event Blizzard
SCRIPT       : [Namalsk][Blizzard]: init: 600 (sec), mid: 926.099 (sec), end: 600 (sec), TempDrop: -15.9607 (C)
SCRIPT       : [Namalsk][NamEventManager]: Blizzard: Phase Length 600
SCRIPT       : [Namalsk][NamEventManager]: Next selection will occur in 844 seconds
SCRIPT       : [Namalsk][NamEventManager]: Blizzard: Phase Length 926.099
SCRIPT       : [Namalsk][NamEventManager]: Trying to select a new event...
SCRIPT       : [Namalsk][NamEventManager]: Starting event Snowfall
SCRIPT       : [Namalsk][NamEventManager]: Could not run event Snowfall because it conflicts with event Blizzard...
SCRIPT       : [Namalsk][NamEventManager]: Next selection will occur in 729 seconds
SCRIPT       : [Namalsk][NamEventManager]: Blizzard: Phase Length 600
SCRIPT       : [Namalsk][NamEventManager]: Trying to select a new event...
SCRIPT       : [Namalsk][NamEventManager]: Starting event ExtremeCold
SCRIPT       : [Namalsk][ExtremeCold]: init: 100 (sec), mid: 1174.85 (sec), end: 100 (sec), TempDrop: -8.43602 (C)
SCRIPT       : [Namalsk][NamEventManager]: ExtremeCold: Phase Length 100
SCRIPT       : [Namalsk][NamEventManager]: Next selection will occur in 786 seconds
SCRIPT       : [Namalsk][NamEventManager]: ExtremeCold: Phase Length 1174.85
SCRIPT       : [Namalsk][NamEventManager]: Blizzard: Phase Length 0
SCRIPT       : [wpnfsm] Save occured in fsm transition! current state=WeaponReplacingMagAndChamberNext<bd465380> closes stable state=Pistol_CLO_CHG_BU1_MA1<ce1174b0> id=9
SCRIPT       : [Namalsk][NamEventManager]: Trying to select a new event...
SCRIPT       : [Namalsk][NamEventManager]: Starting event EVRStorm
SCRIPT       : [Namalsk][EVRStorm]: InitPhaseServer
SCRIPT       : [Namalsk][NamEventManager]: EVRStorm: Phase Length 1080
SCRIPT       : [Namalsk][NamEventManager]: Next selection will occur in 932 seconds
SCRIPT       : [inv] ReplaceItemWithNewLambdaBase Step B) remove OK, loc={ type=HANDS item=AmmoBox_45ACP_25rnd:05807 parent=SurvivorM_Mirek:01 }
SCRIPT       : UnboxLambda::SetupNewMagazine new_item=Ammo_45ACP<d10f3c40> count=25
SCRIPT       : [Namalsk][NamEventManager]: ExtremeCold: Phase Length 100
SCRIPT       : [Namalsk][NamEventManager]: ExtremeCold: Phase Length 0
SCRIPT       : [Namalsk][NamEventManager]: Trying to select a new event...
SCRIPT       : [Namalsk][NamEventManager]: Starting event Aurora
SCRIPT       : [Namalsk][NamEventManager]: Aurora: Phase Length 60
SCRIPT       : [Namalsk][NamEventManager]: Next selection will occur in 635 seconds
SCRIPT       : [Namalsk][NamEventManager]: Aurora: Phase Length 1119.39
SCRIPT       : [Namalsk][EVRStorm]: MidPhaseServer
SCRIPT       : [Namalsk][NamEventManager]: EVRStorm: Phase Length 90
SCRIPT       : float m_Colour_SkyOrang = 0.23
SCRIPT       : [Namalsk][EVRStorm]: EndPhaseServer
SCRIPT       : [Namalsk][NamEventManager]: EVRStorm: Phase Length 220
SCRIPT       : [Namalsk][NamEventManager]: EVRStorm: Phase Length 0
SCRIPT       : [Namalsk][EVRStorm]: ~EVRStorm
SCRIPT       : [inv] ReplaceItemWithNewLambdaBase Step B) remove OK, loc={ type=HANDS item=AmmoBox_762x39_20Rnd:09746 parent=SurvivorM_Mirek:01 }
SCRIPT       : UnboxLambda::SetupNewMagazine new_item=Ammo_762x39<d4a67520> count=20
SCRIPT       : [Namalsk][NamEventManager]: Trying to select a new event...
SCRIPT       : [Namalsk][NamEventManager]: Starting event Snowfall
SCRIPT       : [Namalsk][NamEventManager]: Could not run event Snowfall because it conflicts with event Aurora...
SCRIPT       : [Namalsk][NamEventManager]: Next selection will occur in 819 seconds
SCRIPT       : [inv] ReplaceItemWithNewLambdaBase Step B) remove OK, loc={ type=HANDS item=AmmoBox_556x45Tracer_20Rnd:04664 parent=SurvivorM_Mirek:01 }
SCRIPT       : UnboxLambda::SetupNewMagazine new_item=Ammo_556x45Tracer<d427b410> count=20
SCRIPT       : [Namalsk][NamEventManager]: Aurora: Phase Length 60
SCRIPT       : [Namalsk][NamEventManager]: Aurora: Phase Length 0
SCRIPT       : [Namalsk][NamEventManager]: Trying to select a new event...
SCRIPT       : [Namalsk][NamEventManager]: Starting event HeavyFog
SCRIPT       : [Namalsk][NamEventManager]: HeavyFog: Phase Length 600
SCRIPT       : [Namalsk][NamEventManager]: Next selection will occur in 860 seconds
SCRIPT       : [Namalsk][NamEventManager]: HeavyFog: Phase Length 661.769
SCRIPT       : [Namalsk][NamEventManager]: Trying to select a new event...
SCRIPT       : [Namalsk][NamEventManager]: Starting event ExtremeCold
SCRIPT       : [Namalsk][ExtremeCold]: init: 100 (sec), mid: 908.963 (sec), end: 100 (sec), TempDrop: -10.9613 (C)
SCRIPT       : [Namalsk][NamEventManager]: ExtremeCold: Phase Length 100
SCRIPT       : [Namalsk][NamEventManager]: Next selection will occur in 836 seconds
SCRIPT       : [Namalsk][NamEventManager]: ExtremeCold: Phase Length 908.963
SCRIPT       : [Namalsk][NamEventManager]: HeavyFog: Phase Length 600
SCRIPT       : [Namalsk][NamEventManager]: Trying to select a new event...
SCRIPT       : [Namalsk][NamEventManager]: Could not start event as we reached the maximum event limit 2
SCRIPT       : [Namalsk][NamEventManager]: Next selection will occur in 777 seconds
SCRIPT       : [Namalsk][NamEventManager]: HeavyFog: Phase Length 0
SCRIPT       : [Namalsk][NamEventManager]: ExtremeCold: Phase Length 100
SCRIPT       : [Namalsk][NamEventManager]: ExtremeCold: Phase Length 0
SCRIPT       : [Namalsk][NamEventManager]: Trying to select a new event...
SCRIPT       : [Namalsk][NamEventManager]: Starting event Blizzard
SCRIPT       : [Namalsk][Blizzard]: init: 600 (sec), mid: 823.809 (sec), end: 600 (sec), TempDrop: -15.5853 (C)
SCRIPT       : [Namalsk][NamEventManager]: Blizzard: Phase Length 600
SCRIPT       : [Namalsk][NamEventManager]: Next selection will occur in 836 seconds
SCRIPT       : [Logout]: New player OrSsyqkr6kypCp_Xr5txVofb_hDf5XnmKnhnTeyL4f4= with logout time 15
SCRIPT       : [emote] SurvivorM_Mirek:01 play emote id=14 IH=null
SCRIPT       : [Logout]: Player OrSsyqkr6kypCp_Xr5txVofb_hDf5XnmKnhnTeyL4f4= finished
SCRIPT       : ~DayZGame()
