[COT 2022-7M-1D 0h:42:8s] 76561199055119791: Teleported to position <1667.170044, 215.567856, 4621.506836>
[COT 2022-7M-1D 0h:48:44] 76561199055119791: Teleported to position <12040.755859, 616.599854, 14845.139648>
[COT 2022-7M-1D 1h:1m:25] 76561199055119791: Teleported to position <1666.734619, 215.494278, 4619.662109>
[COT 2022-7M-1D 1h:10:10] 76561199055119791: Teleported to position <1733.687622, 268.729980, 11345.210938>
[COT 2022-7M-1D 1h:14:40] 76561199055119791: Teleported to position <949.120239, 254.259979, 8929.343750>
[COT 2022-7M-1D 1h:17:58] 76561199055119791: Teleported to position <4948.203613, 201.394562, 4528.268555>
[COT 2022-7M-1D 1h:21:27] 76561199055119791: Teleported to position <1667.822266, 215.650818, 4623.206055>
[COT 2022-7M-1D 1h:35:24] 76561199055119791: Spawned Entity NBC Gloves (NBCGloves_ColorBase<7304ea00>, -1, 80) at <1660.292725, 216.846909, 4632.354004>
[COT 2022-7M-1D 1h:35:44] 76561199055119791: Teleported to position <13614.838867, 517.183716, 3532.659180>
[COT 2022-7M-1D 1h:38:31] 76561199055119791: Teleported to position <1670.625977, 215.494797, 4620.010254>
[COT 2022-7M-1D 1h:40:15] 76561199055119791: Teleported to position <13637.862305, 521.163879, 3591.898438>
[COT 2022-7M-1D 1h:52:51] 76561199055119791: Teleported to position <1669.829468, 215.681808, 4623.518555>
[COT 2022-7M-1D 1h:53:19] 76561199055119791: Entered the Free Camera
[COT 2022-7M-1D 1h:53:46] 76561199055119791: Left the Free Camera
[COT 2022-7M-1D 1h:55:9s] 76561199055119791: Teleported to position <1662.238770, 215.494278, 4615.951660>
[COT 2022-7M-1D 1h:55:16] 76561199055119791: Teleported to position <1673.806030, 215.966904, 4626.467285>
[COT 2022-7M-1D 1h:56:1s] 76561199055119791: Teleported to position <13963.010742, 514.190002, 3817.127441>
[COT 2022-7M-1D 1h:56:59] 76561199055119791: Teleported to position <1663.630249, 215.573212, 4622.136719>
[COT 2022-7M-1D 2h:15:59] 76561199055119791: Teleported to position <13988.357422, 364.590607, 3834.755859>
[COT 2022-7M-1D 2h:16:25] 76561199055119791: Teleported to position <1667.099365, 215.494278, 4619.058105>
[COT 2022-7M-1D 2h:17:27] 76561199055119791: Teleported to position <13937.411133, 514.190002, 3795.561279>
[COT 2022-7M-1D 2h:29:0s] 76561199055119791: Entered the Free Camera
[COT 2022-7M-1D 2h:29:16] 76561199055119791: Left the Free Camera
[COT 2022-7M-1D 2h:47:39] 76561199055119791: Teleported to position <1670.083252, 215.674118, 4623.334473>
[COT 2022-7M-1D 3h:18:22] 76561199055119791: Teleported to position <1099.528809, 218.778671, 3956.336914>
[COT 2022-7M-1D 3h:19:59] 76561199055119791: Teleported to position <1671.534668, 215.899628, 4626.283203>
