[COT 2022-7M-4D 2h:0m:16] 76561199055119791: Entered the Free Camera
[COT 2022-7M-4D 2h:0m:30] 76561199055119791: Left the Free Camera
[COT 2022-7M-4D 2h:26:40] 76561199055119791: Set rain to 0.01 0 0
[COT 2022-7M-4D 2h:26:40] 76561199055119791: Set storm to 0.0001 0.8 4000
[COT 2022-7M-4D 2h:26:40] 76561199055119791: Set fog to 0.01 0 0
[COT 2022-7M-4D 2h:26:40] 76561199055119791: Set overcast to 0.861195 0 0
[COT 2022-7M-4D 2h:26:40] 76561199055119791: Set the date to 2022/9/20 10:14
[COT 2022-7M-4D 2h:26:40] 76561199055119791: Set wind to 9.94812 9.94812 1
[COT 2022-7M-4D 2h:27:9s] 76561199055119791: Set rain to 0.01 0 0
[COT 2022-7M-4D 2h:27:9s] 76561199055119791: Set storm to 0.0001 0.8 4000
[COT 2022-7M-4D 2h:27:9s] 76561199055119791: Set fog to 0.0103837 0 0
[COT 2022-7M-4D 2h:27:9s] 76561199055119791: Set overcast to 0.01 0 0
[COT 2022-7M-4D 2h:27:9s] 76561199055119791: Set the date to 2022/9/20 10:16
[COT 2022-7M-4D 2h:27:9s] 76561199055119791: Set wind to 19.571 19.571 1
[COT 2022-7M-4D 2h:43:33] 76561199055119791: Set rain to 0.01 0 0
[COT 2022-7M-4D 2h:43:33] 76561199055119791: Set storm to 0.0001 0.8 4000
[COT 2022-7M-4D 2h:43:33] 76561199055119791: Set fog to 0.0239653 0 0
[COT 2022-7M-4D 2h:43:33] 76561199055119791: Set overcast to 0.01 0 0
[COT 2022-7M-4D 2h:43:33] 76561199055119791: Set the date to 2022/9/20 11:53
[COT 2022-7M-4D 2h:43:33] 76561199055119791: Set wind to 5.01906 5.01906 1
[COT 2022-7M-4D 4h:48:59] 76561199055119791: Spawned Entity Firewood (Firewood<1542ae0>, 1, 500) at <6232.390625, 114.799118, 6191.875000>
[COT 2022-7M-4D 4h:48:59] 76561199055119791: Spawned Entity Firewood (Firewood<153c420>, 1, 500) at <6232.390625, 114.799118, 6191.875000>
[COT 2022-7M-4D 4h:48:59] 76561199055119791: Spawned Entity Firewood (Firewood<153e660>, 1, 500) at <6232.390625, 114.799118, 6191.875000>
[COT 2022-7M-4D 4h:48:59] 76561199055119791: Spawned Entity Firewood (Firewood<1544490>, 1, 500) at <6232.390625, 114.799118, 6191.875000>
[COT 2022-7M-4D 4h:49:0s] 76561199055119791: Spawned Entity Firewood (Firewood<153eef0>, 1, 500) at <6232.390625, 114.799118, 6191.875000>
[COT 2022-7M-4D 4h:49:0s] 76561199055119791: Spawned Entity Firewood (Firewood<1543370>, 1, 500) at <6232.390625, 114.799118, 6191.875000>
[COT 2022-7M-4D 4h:49:0s] 76561199055119791: Spawned Entity Firewood (Firewood<1544d20>, 1, 500) at <6232.390625, 114.799118, 6191.875000>
[COT 2022-7M-4D 4h:49:16] 76561199055119791: Spawned Entity Rag (Rag<15567b0>, 6, 50) at <6232.390625, 114.799118, 6191.875000>
