[COT 2022-6M-25 2h:8m:43] 76561199055119791: Updated roles [guid=OrSsyqkr6kypCp_Xr5txVofb_hDf5XnmKnhnTeyL4f4=]
[COT 2022-6M-25 2h:8m:53] 76561199055119791: Set rain to 0 0 0
[COT 2022-6M-25 2h:8m:53] 76561199055119791: Set storm to 0 0.8 4000
[COT 2022-6M-25 2h:8m:53] 76561199055119791: Set fog to 0.0428586 0 0
[COT 2022-6M-25 2h:8m:53] 76561199055119791: Set overcast to 0.0010395 0 0
[COT 2022-6M-25 2h:8m:53] 76561199055119791: Set the date to 2022/9/20 7:11
[COT 2022-6M-25 2h:8m:53] 76561199055119791: Set wind to 16.5428 16.5428 1
[COT 2022-6M-25 2h:8m:57] 76561199055119791: Set rain to 0 0 0
[COT 2022-6M-25 2h:8m:57] 76561199055119791: Set storm to 0 0.8 4000
[COT 2022-6M-25 2h:8m:57] 76561199055119791: Set fog to 0.0428586 0 0
[COT 2022-6M-25 2h:8m:57] 76561199055119791: Set overcast to 0.0010395 0 0
[COT 2022-6M-25 2h:8m:57] 76561199055119791: Set the date to 2022/9/20 8:38
[COT 2022-6M-25 2h:8m:57] 76561199055119791: Set wind to 16.5428 16.5428 1
[COT 2022-6M-25 2h:9m:2s] 76561199055119791: Set rain to 0 0 0
[COT 2022-6M-25 2h:9m:2s] 76561199055119791: Set storm to 0 0.8 4000
[COT 2022-6M-25 2h:9m:2s] 76561199055119791: Set fog to 0.0428586 0 0
[COT 2022-6M-25 2h:9m:2s] 76561199055119791: Set overcast to 0.01 0 0
[COT 2022-6M-25 2h:9m:2s] 76561199055119791: Set the date to 2022/9/20 8:38
[COT 2022-6M-25 2h:9m:2s] 76561199055119791: Set wind to 16.5428 16.5428 1
[COT 2022-6M-25 2h:9m:15] 76561199055119791: Teleported to position <7046.540039, 9.640000, 15208.618164>
[COT 2022-6M-25 2h:9m:18] 76561199055119791: Entered the Free Camera
[COT 2022-6M-25 2h:10:37] 76561199055119791: Left the Free Camera
[COT 2022-6M-25 2h:10:39] 76561199055119791: Entered the Free Camera
[COT 2022-6M-25 2h:15:37] 76561199055119791: Left the Free Camera
[COT 2022-6M-25 2h:16:20] 76561199055119791: Teleported to position <15984.843750, 14.340000, 1733.105469>
